[13:30:09] [Server thread/INFO]: Starting minecraft server version 1.8.8
[13:30:09] [Server thread/INFO]: Loading properties
[13:30:09] [Server thread/INFO]: Default game type: SURVIVAL
[13:30:09] [Server thread/INFO]: This server is running CraftBukkit version git-Spigot-db6de12-d3e0b6f (MC: 1.8.8) (Implementing API version 1.8.8-R0.1-SNAPSHOT)
[13:30:09] [Server thread/INFO]: Debug logging is disabled
[13:30:09] [Server thread/INFO]: Server Ping Player Sample Count: 12
[13:30:09] [Server thread/INFO]: Using 4 threads for Netty based IO
[13:30:09] [Server thread/INFO]: Generating keypair
[13:30:10] [Server thread/INFO]: Starting Minecraft server on 25.34.170.172:25565
[13:30:10] [Server thread/INFO]: Using default channel type
[13:30:11] [Server thread/INFO]: Set PluginClassLoader as parallel capable
[13:30:11] [Server thread/INFO]: [WorldEdit] Loading WorldEdit v6.1;no_git_id
[13:30:11] [Server thread/INFO]: [LogBlock] Loading LogBlock v1.94
[13:30:11] [Server thread/INFO]: [LogBlock] Connecting to root@jdbc:mysql://localhost:3306/minecraft...
[13:30:12] [Server thread/INFO]: HikariCP pool LogBlock-Connection-Pool is starting.
[13:30:13] [Server thread/WARN]: **** SERVER IS RUNNING IN OFFLINE/INSECURE MODE!
[13:30:13] [Server thread/WARN]: The server will make no attempt to authenticate usernames. Beware.
[13:30:13] [Server thread/WARN]: While this makes the game possible to play without internet access, it also opens up the ability for hackers to connect with any username they choose.
[13:30:13] [Server thread/WARN]: To change this, set "online-mode" to "true" in the server.properties file.
[13:30:13] [Server thread/INFO]: **** Beginning UUID conversion, this may take A LONG time ****
[13:30:13] [Server thread/INFO]: Preparing level "world"
[13:30:13] [Server thread/INFO]: -------- World Settings For [world] --------
[13:30:13] [Server thread/INFO]: Arrow Despawn Rate: 1200
[13:30:13] [Server thread/INFO]: Allow Zombie Pigmen to spawn from portal blocks: true
[13:30:13] [Server thread/INFO]: Item Merge Radius: 2.5
[13:30:13] [Server thread/INFO]: Item Despawn Rate: 6000
[13:30:13] [Server thread/INFO]: Chunks to Grow per Tick: 650
[13:30:13] [Server thread/INFO]: Clear tick list: false
[13:30:13] [Server thread/INFO]: Experience Merge Radius: 3.0
[13:30:13] [Server thread/INFO]: View Distance: 10
[13:30:13] [Server thread/INFO]: Zombie Aggressive Towards Villager: true
[13:30:13] [Server thread/INFO]: Max Entity Collisions: 8
[13:30:13] [Server thread/INFO]: Custom Map Seeds:  Village: 10387312 Feature: 14357617
[13:30:13] [Server thread/INFO]: Nerfing mobs spawned from spawners: false
[13:30:13] [Server thread/INFO]: Cactus Growth Modifier: 100%
[13:30:13] [Server thread/INFO]: Cane Growth Modifier: 100%
[13:30:13] [Server thread/INFO]: Melon Growth Modifier: 100%
[13:30:13] [Server thread/INFO]: Mushroom Growth Modifier: 100%
[13:30:13] [Server thread/INFO]: Pumpkin Growth Modifier: 100%
[13:30:13] [Server thread/INFO]: Sapling Growth Modifier: 100%
[13:30:13] [Server thread/INFO]: Wheat Growth Modifier: 100%
[13:30:13] [Server thread/INFO]: NetherWart Growth Modifier: 100%
[13:30:13] [Server thread/INFO]: Mob Spawn Range: 4
[13:30:13] [Server thread/INFO]: Entity Tracking Range: Pl 48 / An 48 / Mo 48 / Mi 32 / Other 64
[13:30:13] [Server thread/INFO]: Anti X-Ray: true
[13:30:13] [Server thread/INFO]: 	Engine Mode: 1
[13:30:13] [Server thread/INFO]: 	Hidden Blocks: [14, 15, 16, 21, 48, 49, 54, 56, 73, 74, 82, 129, 130]
[13:30:13] [Server thread/INFO]: 	Replace Blocks: [1, 5]
[13:30:13] [Server thread/INFO]: Entity Activation Range: An 32 / Mo 32 / Mi 16
[13:30:13] [Server thread/INFO]: Hopper Transfer: 8 Hopper Check: 8 Hopper Amount: 1
[13:30:13] [Server thread/INFO]: Random Lighting Updates: false
[13:30:13] [Server thread/INFO]: Structure Info Saving: true
[13:30:13] [Server thread/INFO]: Sending up to 10 chunks per packet
[13:30:13] [Server thread/INFO]: Max TNT Explosions: 100
[13:30:13] [Server thread/INFO]: Tile Max Tick Time: 50ms Entity max Tick Time: 50ms
[13:30:13] [Server thread/INFO]: -------- World Settings For [world_nether] --------
[13:30:13] [Server thread/INFO]: Arrow Despawn Rate: 1200
[13:30:13] [Server thread/INFO]: Allow Zombie Pigmen to spawn from portal blocks: true
[13:30:13] [Server thread/INFO]: Item Merge Radius: 2.5
[13:30:13] [Server thread/INFO]: Item Despawn Rate: 6000
[13:30:13] [Server thread/INFO]: Chunks to Grow per Tick: 650
[13:30:13] [Server thread/INFO]: Clear tick list: false
[13:30:13] [Server thread/INFO]: Experience Merge Radius: 3.0
[13:30:13] [Server thread/INFO]: View Distance: 10
[13:30:13] [Server thread/INFO]: Zombie Aggressive Towards Villager: true
[13:30:13] [Server thread/INFO]: Max Entity Collisions: 8
[13:30:13] [Server thread/INFO]: Custom Map Seeds:  Village: 10387312 Feature: 14357617
[13:30:13] [Server thread/INFO]: Nerfing mobs spawned from spawners: false
[13:30:13] [Server thread/INFO]: Cactus Growth Modifier: 100%
[13:30:13] [Server thread/INFO]: Cane Growth Modifier: 100%
[13:30:13] [Server thread/INFO]: Melon Growth Modifier: 100%
[13:30:13] [Server thread/INFO]: Mushroom Growth Modifier: 100%
[13:30:13] [Server thread/INFO]: Pumpkin Growth Modifier: 100%
[13:30:13] [Server thread/INFO]: Sapling Growth Modifier: 100%
[13:30:13] [Server thread/INFO]: Wheat Growth Modifier: 100%
[13:30:13] [Server thread/INFO]: NetherWart Growth Modifier: 100%
[13:30:13] [Server thread/INFO]: Mob Spawn Range: 4
[13:30:13] [Server thread/INFO]: Entity Tracking Range: Pl 48 / An 48 / Mo 48 / Mi 32 / Other 64
[13:30:13] [Server thread/INFO]: Anti X-Ray: true
[13:30:13] [Server thread/INFO]: 	Engine Mode: 1
[13:30:13] [Server thread/INFO]: 	Hidden Blocks: [14, 15, 16, 21, 48, 49, 54, 56, 73, 74, 82, 129, 130]
[13:30:13] [Server thread/INFO]: 	Replace Blocks: [1, 5]
[13:30:13] [Server thread/INFO]: Entity Activation Range: An 32 / Mo 32 / Mi 16
[13:30:13] [Server thread/INFO]: Hopper Transfer: 8 Hopper Check: 8 Hopper Amount: 1
[13:30:13] [Server thread/INFO]: Random Lighting Updates: false
[13:30:13] [Server thread/INFO]: Structure Info Saving: true
[13:30:13] [Server thread/INFO]: Sending up to 10 chunks per packet
[13:30:13] [Server thread/INFO]: Max TNT Explosions: 100
[13:30:13] [Server thread/INFO]: Tile Max Tick Time: 50ms Entity max Tick Time: 50ms
[13:30:13] [Server thread/INFO]: -------- World Settings For [world_the_end] --------
[13:30:13] [Server thread/INFO]: Arrow Despawn Rate: 1200
[13:30:13] [Server thread/INFO]: Allow Zombie Pigmen to spawn from portal blocks: true
[13:30:13] [Server thread/INFO]: Item Merge Radius: 2.5
[13:30:13] [Server thread/INFO]: Item Despawn Rate: 6000
[13:30:13] [Server thread/INFO]: Chunks to Grow per Tick: 650
[13:30:13] [Server thread/INFO]: Clear tick list: false
[13:30:13] [Server thread/INFO]: Experience Merge Radius: 3.0
[13:30:13] [Server thread/INFO]: View Distance: 10
[13:30:13] [Server thread/INFO]: Zombie Aggressive Towards Villager: true
[13:30:13] [Server thread/INFO]: Max Entity Collisions: 8
[13:30:13] [Server thread/INFO]: Custom Map Seeds:  Village: 10387312 Feature: 14357617
[13:30:13] [Server thread/INFO]: Nerfing mobs spawned from spawners: false
[13:30:13] [Server thread/INFO]: Cactus Growth Modifier: 100%
[13:30:13] [Server thread/INFO]: Cane Growth Modifier: 100%
[13:30:13] [Server thread/INFO]: Melon Growth Modifier: 100%
[13:30:13] [Server thread/INFO]: Mushroom Growth Modifier: 100%
[13:30:13] [Server thread/INFO]: Pumpkin Growth Modifier: 100%
[13:30:13] [Server thread/INFO]: Sapling Growth Modifier: 100%
[13:30:13] [Server thread/INFO]: Wheat Growth Modifier: 100%
[13:30:13] [Server thread/INFO]: NetherWart Growth Modifier: 100%
[13:30:13] [Server thread/INFO]: Mob Spawn Range: 4
[13:30:13] [Server thread/INFO]: Entity Tracking Range: Pl 48 / An 48 / Mo 48 / Mi 32 / Other 64
[13:30:13] [Server thread/INFO]: Anti X-Ray: true
[13:30:13] [Server thread/INFO]: 	Engine Mode: 1
[13:30:13] [Server thread/INFO]: 	Hidden Blocks: [14, 15, 16, 21, 48, 49, 54, 56, 73, 74, 82, 129, 130]
[13:30:13] [Server thread/INFO]: 	Replace Blocks: [1, 5]
[13:30:13] [Server thread/INFO]: Entity Activation Range: An 32 / Mo 32 / Mi 16
[13:30:13] [Server thread/INFO]: Hopper Transfer: 8 Hopper Check: 8 Hopper Amount: 1
[13:30:13] [Server thread/INFO]: Random Lighting Updates: false
[13:30:13] [Server thread/INFO]: Structure Info Saving: true
[13:30:13] [Server thread/INFO]: Sending up to 10 chunks per packet
[13:30:13] [Server thread/INFO]: Max TNT Explosions: 100
[13:30:13] [Server thread/INFO]: Tile Max Tick Time: 50ms Entity max Tick Time: 50ms
[13:30:13] [Server thread/INFO]: Preparing start region for level 0 (Seed: -1520953950993070200)
[13:30:14] [Server thread/INFO]: Preparing spawn area: 19%
[13:30:16] [Server thread/INFO]: Preparing spawn area: 80%
[13:30:16] [Server thread/WARN]: Tried to add entity Rabbit that already exists with UUID bde9994a-9823-46fe-a0dc-691a91a4402a
[13:30:16] [Server thread/INFO]: Preparing start region for level 1 (Seed: -1520953950993070200)
[13:30:17] [Server thread/INFO]: Preparing spawn area: 85%
[13:30:17] [Server thread/INFO]: Preparing start region for level 2 (Seed: -1520953950993070200)
[13:30:17] [Server thread/INFO]: [WorldEdit] Enabling WorldEdit v6.1;no_git_id
[13:30:18] [Server thread/INFO]: WEPIF: Using the Bukkit Permissions API.
[13:30:18] [Server thread/INFO]: [WorldEdit] Using com.sk89q.worldedit.bukkit.adapter.impl.Spigot_v1_8_R3 as the Bukkit adapter
[13:30:18] [Server thread/INFO]: [LogBlock] Enabling LogBlock v1.94
[13:30:18] [Server thread/INFO]: [LogBlock] Scheduled consumer with bukkit scheduler.
[13:30:18] [Server thread/INFO]: Server permissions file permissions.yml is empty, ignoring it
[13:30:18] [Server thread/INFO]: Done (5.028s)! For help, type "help" or "?"
[13:31:11] [Thread-9/INFO]: UUID of player Map_Designer is 781c46c6-90a7-341f-8cb9-5124b2cf7a18
[13:31:12] [Server thread/INFO]: Map_Designer[/25.37.117.97:61964] logged in with entity id 301 at ([world]-96.16461766127742, 64.0, 131.93495218602268)
[13:37:19] [Server thread/INFO]: Map_Designer issued server command: /xp 100 Map_Designer
[13:37:19] [Server thread/INFO]: [Map_Designer: Given 100 experience to Map_Designer]
[14:04:34] [Thread-10/INFO]: UUID of player Johnnycake is d3a47dc2-a82b-3dae-85f5-6713a08edc34
[14:04:34] [Server thread/INFO]: Johnnycake[/25.35.175.206:55199] logged in with entity id 6575 at ([world]-117.079299080552, 68.0, 147.6180024689551)
[14:04:37] [Async Chat Thread - #0/INFO]: <Map_Designer> gay[m
[14:04:40] [Async Chat Thread - #0/INFO]: <Johnnycake> ugly[m
[14:04:46] [Async Chat Thread - #0/INFO]: <Map_Designer> :-C[m
[14:04:47] [Async Chat Thread - #0/INFO]: <Johnnycake> uglay[m
[14:06:16] [Async Chat Thread - #1/INFO]: <Johnnycake> why is it always raining?[m
[14:06:22] [Async Chat Thread - #1/INFO]: <Map_Designer> for the cropses[m
[14:06:38] [Async Chat Thread - #1/INFO]: <Johnnycake> did you set it to rain?[m
[14:06:41] [Async Chat Thread - #1/INFO]: <Map_Designer> no[m
[14:08:07] [Async Chat Thread - #2/INFO]: <Johnnycake> woah nathan you can just click a number over an item[m
[14:08:13] [Async Chat Thread - #2/INFO]: <Johnnycake> and it jumps to that spot in your toolbar[m
[14:08:20] [Async Chat Thread - #2/INFO]: <Map_Designer> lol[m
[14:08:23] [Async Chat Thread - #2/INFO]: <Map_Designer> ur dupid john[m
[14:08:29] [Async Chat Thread - #2/INFO]: <Map_Designer> that's been like that since like alpha[m
[14:08:30] [Async Chat Thread - #2/INFO]: <Johnnycake> no, im awesome[m
[14:08:32] [Async Chat Thread - #2/INFO]: <Johnnycake> what[m
[14:25:52] [Async Chat Thread - #3/INFO]: <Johnnycake> i trapped a villager zombie in the horse pit[m
[14:25:56] [Async Chat Thread - #3/INFO]: <Map_Designer> mmmk[m
[14:26:02] [Async Chat Thread - #3/INFO]: <Johnnycake> idk how long he'll stay alive, its got a roof though[m
[14:32:10] [Async Chat Thread - #4/INFO]: <Johnnycake> what u dooooing[m
[14:32:14] [Async Chat Thread - #4/INFO]: <Map_Designer> mining[m
[14:32:23] [Async Chat Thread - #4/INFO]: <Map_Designer> i was gonna make a nether portal and i keep getting distracted[m
[14:32:29] [Async Chat Thread - #4/INFO]: <Johnnycake> aah ok[m
[14:37:11] [Server thread/INFO]: Map_Designer lost connection: Disconnected
[14:37:11] [Server thread/INFO]: Map_Designer left the game.
[14:37:49] [Thread-11/INFO]: UUID of player Map_Designer is 781c46c6-90a7-341f-8cb9-5124b2cf7a18
[14:37:49] [Server thread/INFO]: Map_Designer[/25.37.117.97:62875] logged in with entity id 19230 at ([world]90.01596629897205, 11.0, 117.5455318854889)
[14:45:40] [Async Chat Thread - #5/INFO]: <Map_Designer> just made a food cheset[m
[14:45:46] [Async Chat Thread - #5/INFO]: <Map_Designer> bunch of cooked steak in there[m
[14:45:51] [Async Chat Thread - #5/INFO]: <Johnnycake> ok[m
[14:45:57] [Async Chat Thread - #5/INFO]: <Map_Designer> me & michele are gonna go for a walk pretty soon :-P[m
[14:46:01] [Async Chat Thread - #5/INFO]: <Johnnycake> ive got food scattered around some of the junk chests[m
[14:46:03] [Async Chat Thread - #5/INFO]: <Johnnycake> sounds good[m
[14:57:27] [Server thread/INFO]: Map_Designer lost connection: Disconnected
[14:57:27] [Server thread/INFO]: Map_Designer left the game.
[15:13:27] [Server thread/INFO]: Johnnycake lost connection: Disconnected
[15:13:27] [Server thread/INFO]: Johnnycake left the game.
[15:18:25] [Thread-12/INFO]: UUID of player Johnnycake is d3a47dc2-a82b-3dae-85f5-6713a08edc34
[15:18:25] [Server thread/INFO]: Johnnycake[/25.35.175.206:55481] logged in with entity id 26100 at ([world]-153.64996395280951, 78.0, 109.07562084634685)
[15:38:35] [Server thread/INFO]: Johnnycake lost connection: Disconnected
[15:38:35] [Server thread/INFO]: Johnnycake left the game.
[16:09:44] [Thread-13/INFO]: UUID of player Map_Designer is 781c46c6-90a7-341f-8cb9-5124b2cf7a18
[16:09:45] [Server thread/INFO]: Map_Designer[/25.37.117.97:63429] logged in with entity id 28950 at ([world]-28.67424555518647, 11.0, 129.23046789347805)
[16:12:30] [Server thread/INFO]: Map_Designer issued server command: /lb rb area 10 player Creeper since 5
[16:12:36] [Server thread/INFO]: Map_Designer issued server command: /lb rb area 10 player Creeper since 10
[16:12:56] [Server thread/INFO]: Map_Designer issued server command: /lb rb area 10 since 10 player Creeper
[16:13:00] [Server thread/INFO]: Map_Designer issued server command: /lb rb area 10 since 10 player creeper
[16:13:08] [Server thread/INFO]: Map_Designer issued server command: /lb rb area 10 since 10 player Creeper
[16:13:14] [Server thread/INFO]: Map_Designer issued server command: /lb rb area 10 since 10
[16:16:00] [Server thread/INFO]: Map_Designer issued server command: /xp 300 Map_Designer
[16:16:00] [Server thread/INFO]: [Map_Designer: Given 300 experience to Map_Designer]
[16:16:15] [Server thread/INFO]: Map_Designer issued server command: /xp 3000 Map_Designer
[16:16:15] [Server thread/INFO]: [Map_Designer: Given 3000 experience to Map_Designer]
[16:19:53] [Server thread/INFO]: Map_Designer issued server command: /xp 300 Map_Designer
[16:19:53] [Server thread/INFO]: [Map_Designer: Given 300 experience to Map_Designer]
[16:46:41] [Server thread/INFO]: Map_Designer lost connection: Disconnected
[16:46:41] [Server thread/INFO]: Map_Designer left the game.
[16:49:34] [Thread-14/INFO]: UUID of player Map_Designer is 781c46c6-90a7-341f-8cb9-5124b2cf7a18
[16:49:34] [Server thread/INFO]: Map_Designer[/25.37.117.97:49473] logged in with entity id 34145 at ([world_nether]-24.12028662646246, 77.0, -5.061619207610934)
[17:00:46] [Thread-15/INFO]: UUID of player Johnnycake is d3a47dc2-a82b-3dae-85f5-6713a08edc34
[17:00:46] [Server thread/INFO]: Johnnycake[/25.35.175.206:56214] logged in with entity id 34679 at ([world]-152.5, 83.0, 104.5)
[17:01:09] [Async Chat Thread - #6/INFO]: <Johnnycake> doesnt stuff come out of the nether portal sometimes?[m
[17:01:16] [Async Chat Thread - #6/INFO]: <Map_Designer> i think so[m
[17:01:19] [Async Chat Thread - #6/INFO]: <Map_Designer> fairly certain[m
[17:02:30] [Server thread/INFO]: Johnnycake has just earned the achievement [We Need to Go Deeper]
[17:03:29] [Async Chat Thread - #7/INFO]: <Map_Designer> just wanted the chest room 2 think[m
[17:03:33] [Async Chat Thread - #7/INFO]: <Map_Designer> the rest can be 1 think[m
[17:03:37] [Async Chat Thread - #7/INFO]: <Map_Designer> thick[m
[17:03:39] [Async Chat Thread - #7/INFO]: <Map_Designer> **[m
[17:03:40] [Async Chat Thread - #7/INFO]: <Map_Designer> lol[m
[17:03:41] [Async Chat Thread - #7/INFO]: <Johnnycake> they cant break cobble can they?[m
[17:03:48] [Async Chat Thread - #7/INFO]: <Map_Designer> not as far as i know[m
[17:05:33] [Async Chat Thread - #8/INFO]: <Map_Designer> the second i got in here a ghast shot a fireball at me[m
[17:05:33] [Async Chat Thread - #8/INFO]: <Map_Designer> lol[m
[17:05:39] [Async Chat Thread - #8/INFO]: <Johnnycake> nice lol[m
[17:05:39] [Async Chat Thread - #8/INFO]: <Map_Designer> like literally the second i got out[m
[17:06:35] [Async Chat Thread - #8/INFO]: <Map_Designer> i got a fortune III pickaxe[m
[17:06:40] [Async Chat Thread - #8/INFO]: <Map_Designer> ill get that glowstone[m
[17:06:45] [Async Chat Thread - #8/INFO]: <Johnnycake> so let you know if theres diaminds[m
[17:06:56] [Async Chat Thread - #8/INFO]: <Map_Designer> like if i have extra?[m
[17:07:07] [Async Chat Thread - #8/INFO]: <Johnnycake> no if i find diamond ore so you can mine it[m
[17:07:19] [Async Chat Thread - #8/INFO]: <Map_Designer> oh, let YOU know[m
[17:07:22] [Async Chat Thread - #8/INFO]: <Map_Designer> read that wrong[m
[17:07:24] [Async Chat Thread - #8/INFO]: <Map_Designer> sounds good[m
[17:07:27] [Async Chat Thread - #8/INFO]: <Johnnycake> lol dupid[m
[17:07:32] [Async Chat Thread - #8/INFO]: <Map_Designer> =O[m
[17:09:51] [Async Chat Thread - #9/INFO]: <Johnnycake> we should get some iron door[m
[17:09:53] [Async Chat Thread - #9/INFO]: <Johnnycake> ...s[m
[17:10:01] [Async Chat Thread - #9/INFO]: <Map_Designer> mmmmk[m
[17:12:58] [Async Chat Thread - #10/INFO]: <Johnnycake> whatd the priest do?[m
[17:13:06] [Async Chat Thread - #10/INFO]: <Map_Designer> i have no idea[m
[17:15:51] [Async Chat Thread - #11/INFO]: <Map_Designer> its nice that the nether put the portal at 0,0[m
[17:16:40] [Async Chat Thread - #11/INFO]: <Johnnycake> yeah thats pretty sweet[m
[17:16:49] [Async Chat Thread - #11/INFO]: <Johnnycake> got a 2nd villager zombie[m
[17:16:52] [Async Chat Thread - #11/INFO]: <Map_Designer> nice[m
[17:18:17] [Server thread/INFO]: Johnnycake has just earned the achievement [Repopulation]
[17:18:22] [Async Chat Thread - #12/INFO]: <Map_Designer> waow[m
[17:18:42] [Async Chat Thread - #12/INFO]: <Johnnycake> theres also a creeper in the storehouse lol[m
[17:18:45] [Async Chat Thread - #12/INFO]: <Map_Designer> lol[m
[17:19:15] [Async Chat Thread - #12/INFO]: <Map_Designer> nice![m
[17:19:21] [Async Chat Thread - #12/INFO]: <Map_Designer> i found a sea of gravel in the nether![m
[17:19:22] [Async Chat Thread - #12/INFO]: <Johnnycake> nether fortress?[m
[17:19:26] [Async Chat Thread - #12/INFO]: <Johnnycake> lol woaaaaw[m
[17:20:54] [Server thread/INFO]: Johnnycake has just earned the achievement [Delicious Fish]
[17:24:17] [Async Chat Thread - #13/INFO]: <Map_Designer> found one[m
[17:24:24] [Async Chat Thread - #13/INFO]: <Johnnycake> yay[m
[17:26:09] [Server thread/INFO]: Johnnycake lost connection: Disconnected
[17:26:09] [Server thread/INFO]: Johnnycake left the game.
[17:46:27] [Async Chat Thread - #14/INFO]: <Map_Designer> there a rickity path up to the nether fortress[m
[17:46:31] [Async Chat Thread - #14/INFO]: <Map_Designer> i havent explored it yet[m
[17:49:24] [Server thread/INFO]: Map_Designer lost connection: Disconnected
[17:49:24] [Server thread/INFO]: Map_Designer left the game.
[17:56:56] [Thread-16/INFO]: UUID of player Map_Designer is 781c46c6-90a7-341f-8cb9-5124b2cf7a18
[17:56:56] [Server thread/INFO]: Map_Designer[/25.37.117.97:50406] logged in with entity id 40095 at ([world_nether]153.4914278188836, 69.0, -64.88955588221754)
[18:14:50] [Server thread/WARN]: Tried to add entity PigZombie that already exists with UUID 532d3606-2b85-48cc-a356-e7aa419bec93
[18:54:34] [Server thread/INFO]: Map_Designer issued server command: /lb rb area 10 since 10 block 2
[18:55:33] [Server thread/INFO]: Map_Designer issued server command: /lb rb area 10 since 40
[18:55:37] [Server thread/INFO]: Map_Designer issued server command: /lb rb area 10 since 500
[18:55:42] [Server thread/INFO]: Map_Designer issued server command: /lb rb area 10 since 5000
[19:08:34] [Server thread/INFO]: Map_Designer lost connection: Disconnected
[19:08:34] [Server thread/INFO]: Map_Designer left the game.
[19:13:29] [Server thread/INFO]: Stopping the server
[19:13:29] [Server thread/INFO]: Stopping server
[19:13:29] [Server thread/INFO]: [LogBlock] Disabling LogBlock v1.94
[19:13:29] [Server thread/INFO]: [LogBlock] Waiting for consumer ...
[19:13:29] [Server thread/INFO]: HikariCP pool LogBlock-Connection-Pool is shutting down.
[19:13:29] [Server thread/INFO]: [WorldEdit] Disabling WorldEdit v6.1;no_git_id
[19:13:29] [Server thread/INFO]: Saving players
[19:13:29] [Server thread/INFO]: Saving worlds
[19:13:29] [Server thread/INFO]: Saving chunks for level 'world'/Overworld
[19:13:29] [Server thread/INFO]: Saving chunks for level 'world_nether'/Nether
[19:13:29] [Server thread/INFO]: Saving chunks for level 'world_the_end'/The End
